<?xml version="1.0" encoding="UTF-8"?>
<testng-results ignored="0" total="1" passed="0" failed="1" skipped="0">
  <reporter-output>
  </reporter-output>
  <suite started-at="2025-04-09T17:25:41 IST" name="Default suite" finished-at="2025-04-09T17:26:12 IST" duration-ms="30981">
    <groups>
      <group name="cucumber">
        <method signature="AbstractTestNGCucumberTests.runScenario(io.cucumber.testng.PickleWrapper,io.cucumber.testng.FeatureWrapper)[pri:0, instance:runner.RunnerClass@359df09a]" name="runScenario" class="io.cucumber.testng.AbstractTestNGCucumberTests"/>
      </group> <!-- cucumber -->
    </groups>
    <test started-at="2025-04-09T17:25:41 IST" name="Default test" finished-at="2025-04-09T17:26:12 IST" duration-ms="30981">
      <class name="runner.RunnerClass">
        <test-method is-config="true" signature="setUpClass(org.testng.ITestContext)[pri:0, instance:runner.RunnerClass@359df09a]" started-at="2025-04-09T17:25:41 IST" name="setUpClass" finished-at="2025-04-09T17:25:42 IST" duration-ms="726" status="PASS">
          <params>
            <param index="0">
              <value>
                <![CDATA[org.testng.TestRunner@5d2828c9]]>
              </value>
            </param>
          </params>
          <reporter-output>
          </reporter-output>
        </test-method> <!-- setUpClass -->
        <test-method signature="runScenario(io.cucumber.testng.PickleWrapper,io.cucumber.testng.FeatureWrapper)[pri:0, instance:runner.RunnerClass@359df09a]" started-at="2025-04-09T17:25:42 IST" name="runScenario" description="Runs Cucumber Scenarios" data-provider="scenarios" finished-at="2025-04-09T17:26:12 IST" duration-ms="30134" status="FAIL">
          <params>
            <param index="0">
              <value>
                <![CDATA["Testing integration between components."]]>
              </value>
            </param>
            <param index="1">
              <value>
                <![CDATA["Integration Test."]]>
              </value>
            </param>
          </params>
          <exception class="java.lang.AssertionError">
            <message>
              <![CDATA[The following asserts failed:
Expected Revenue mismatch expected [90980] but found [$90,980.00],
Budgeted Cost mismatch expected [30000] but found [$30,000.00],
Actual Cost mismatch expected [85990] but found [$85,990.00],
Expected Response mismatch expected [0] but found []]]>
            </message>
            <full-stacktrace>
              <![CDATA[java.lang.AssertionError: The following asserts failed:
Expected Revenue mismatch expected [90980] but found [$90,980.00],
Budgeted Cost mismatch expected [30000] but found [$30,000.00],
Actual Cost mismatch expected [85990] but found [$85,990.00],
Expected Response mismatch expected [0] but found []
at org.testng.asserts.SoftAssert.assertAll(SoftAssert.java:46)
at org.testng.asserts.SoftAssert.assertAll(SoftAssert.java:30)
at stepdefinitions.CampaignsModule.campaign_details_page_with_title_should_be_displayed_with_the_following_data(CampaignsModule.java:183)
at âœ½.Campaign details page with title "Zoho CRM - Campaign Details" should be displayed with the following data:"LG Dual Invertor AC""Conference""Complete""03/29/2025""04/29/2025""90980""30000""85990""0""2"(file:///C:/Users/admin/git/Cucumber/Aditya_c/FeatureFiles/CampaignsModule.feature:24)
]]>
            </full-stacktrace>
          </exception> <!-- java.lang.AssertionError -->
          <reporter-output>
          </reporter-output>
        </test-method> <!-- runScenario -->
        <test-method is-config="true" signature="tearDownClass()[pri:0, instance:runner.RunnerClass@359df09a]" started-at="2025-04-09T17:26:12 IST" name="tearDownClass" finished-at="2025-04-09T17:26:12 IST" duration-ms="65" status="PASS">
          <reporter-output>
          </reporter-output>
        </test-method> <!-- tearDownClass -->
      </class> <!-- runner.RunnerClass -->
    </test> <!-- Default test -->
  </suite> <!-- Default suite -->
</testng-results>
